<?xml version="1.0" encoding="UTF-8"?>
<!-- Generated by org.testng.reporters.JUnitReportReporter -->
<testsuite hostname="DESKTOP-LHDMN2A" failures="0" tests="4" name="Automation.MyTestCases" time="4.357" errors="0" timestamp="2025-10-19T23:05:36 EET" skipped="2">
  <testcase classname="Automation.MyTestCases" name="Login" time="1.504"/>
  <testcase classname="Automation.MyTestCases" name="Additems" time="2.853"/>
  <testcase classname="Automation.MyTestCases" name="Logout">
    <skipped/>
  </testcase> <!-- Logout -->
  <testcase classname="Automation.MyTestCases" name="SignUp">
    <skipped/>
  </testcase> <!-- SignUp -->
</testsuite> <!-- Automation.MyTestCases -->
