<?xml version="1.0" encoding="UTF-8"?>
<!-- Generated by org.testng.reporters.JUnitReportReporter -->
<testsuite hostname="DESKTOP-LHDMN2A" failures="0" tests="1" name="Automation.MyTestCases" time="18.468" errors="0" timestamp="2025-10-19T21:46:36 EET" skipped="0">
  <testcase classname="Automation.MyTestCases" name="SignUp" time="18.468"/>
</testsuite> <!-- Automation.MyTestCases -->
