<?xml version="1.0" encoding="UTF-8"?>
<!-- Generated by org.testng.reporters.JUnitReportReporter -->
<testsuite hostname="DESKTOP-LHDMN2A" failures="0" tests="2" name="Automation.MyTestCases" time="18.737" errors="0" timestamp="2025-10-19T22:09:49 EET" skipped="0">
  <testcase classname="Automation.MyTestCases" name="SignUp" time="15.500"/>
  <testcase classname="Automation.MyTestCases" name="Logout" time="3.237"/>
</testsuite> <!-- Automation.MyTestCases -->
